<?xml version="1.0" encoding="UTF-8"?>
<testng-results skipped="1" failed="0" total="1" passed="0">
  <reporter-output>
  </reporter-output>
  <suite name="Command line suite" duration-ms="1307" started-at="2018-06-20T04:47:24Z" finished-at="2018-06-20T04:47:26Z">
    <groups>
    </groups>
    <test name="Command line test" duration-ms="1307" started-at="2018-06-20T04:47:24Z" finished-at="2018-06-20T04:47:26Z">
      <class name="IWC.IWCLogin">
        <test-method status="FAIL" signature="openBrowser()[pri:0, instance:IWC.IWCLogin@13e39c73]" name="openBrowser" is-config="true" duration-ms="0" started-at="2018-06-20T10:17:24Z" finished-at="2018-06-20T10:17:24Z">
          <exception class="java.lang.AssertionError">
            <message>
              <![CDATA[null]]>
            </message>
            <full-stacktrace>
              <![CDATA[java.lang.AssertionError: null
	at org.testng.Assert.fail(Assert.java:94)
	at org.testng.Assert.fail(Assert.java:101)
	at Utilities.WebDriverUtilities.openBrowser(WebDriverUtilities.java:28)
	at IWC.IWCLogin.openBrowser(IWCLogin.java:33)
	at sun.reflect.NativeMethodAccessorImpl.invoke0(Native Method)
	at sun.reflect.NativeMethodAccessorImpl.invoke(NativeMethodAccessorImpl.java:62)
	at sun.reflect.DelegatingMethodAccessorImpl.invoke(DelegatingMethodAccessorImpl.java:43)
	at java.lang.reflect.Method.invoke(Method.java:497)
	at org.testng.internal.MethodInvocationHelper.invokeMethod(MethodInvocationHelper.java:86)
	at org.testng.internal.Invoker.invokeConfigurationMethod(Invoker.java:515)
	at org.testng.internal.Invoker.invokeConfigurations(Invoker.java:216)
	at org.testng.internal.Invoker.invokeConfigurations(Invoker.java:143)
	at org.testng.TestRunner.beforeRun(TestRunner.java:656)
	at org.testng.TestRunner.run(TestRunner.java:624)
	at org.testng.SuiteRunner.runTest(SuiteRunner.java:366)
	at org.testng.SuiteRunner.runSequentially(SuiteRunner.java:361)
	at org.testng.SuiteRunner.privateRun(SuiteRunner.java:319)
	at org.testng.SuiteRunner.run(SuiteRunner.java:268)
	at org.testng.SuiteRunnerWorker.runSuite(SuiteRunnerWorker.java:52)
	at org.testng.SuiteRunnerWorker.run(SuiteRunnerWorker.java:86)
	at org.testng.TestNG.runSuitesSequentially(TestNG.java:1225)
	at org.testng.TestNG.runSuitesLocally(TestNG.java:1150)
	at org.testng.TestNG.runSuites(TestNG.java:1075)
	at org.testng.TestNG.run(TestNG.java:1047)
	at Utilities.TestCaseRunner.testTestNGprogramer(TestCaseRunner.java:20)
	at Utilities.TestCaseRunner.main(TestCaseRunner.java:28)
]]>
            </full-stacktrace>
          </exception> <!-- java.lang.AssertionError -->
          <reporter-output>
          </reporter-output>
        </test-method> <!-- openBrowser -->
        <test-method status="SKIP" signature="Close()[pri:0, instance:IWC.IWCLogin@13e39c73]" name="Close" is-config="true" duration-ms="0" started-at="2018-06-20T10:17:26Z" finished-at="2018-06-20T10:17:26Z">
          <reporter-output>
          </reporter-output>
        </test-method> <!-- Close -->
        <test-method status="SKIP" signature="login()[pri:0, instance:IWC.IWCLogin@13e39c73]" name="login" duration-ms="0" started-at="2018-06-20T10:17:26Z" finished-at="2018-06-20T10:17:26Z">
          <reporter-output>
          </reporter-output>
        </test-method> <!-- login -->
      </class> <!-- IWC.IWCLogin -->
    </test> <!-- Command line test -->
  </suite> <!-- Command line suite -->
</testng-results>
